<?xml version="1.0" encoding="UTF-8"?>
<!-- Generated by org.testng.reporters.JUnitReportReporter -->
<testsuite hostname="RAJ-LAPTOP" failures="0" tests="1" name="Scripts.TestCase_1" time="11.917" errors="0" timestamp="2023-08-18T10:52:50 IST" skipped="0">
  <testcase classname="Scripts.TestCase_1" name="tc1" time="11.917"/>
</testsuite> <!-- Scripts.TestCase_1 -->
