<?xml version="1.0" encoding="UTF-8"?>
<!-- Generated by org.testng.reporters.JUnitReportReporter -->
<testsuite hostname="RAJ-LAPTOP" failures="0" tests="1" name="Scripts.TestCase_Exercise_1" time="10.443" errors="0" timestamp="2023-08-18T10:50:58 IST" skipped="0">
  <testcase classname="Scripts.TestCase_Exercise_1" name="tc1" time="10.443"/>
</testsuite> <!-- Scripts.TestCase_Exercise_1 -->
