<?xml version="1.0" encoding="UTF-8"?>
<!-- Generated by org.testng.reporters.JUnitReportReporter -->
<testsuite hostname="RAJ-LAPTOP" failures="0" tests="1" name="Scripts.TestCase_2" time="22.583" errors="0" timestamp="2023-08-18T13:24:12 IST" skipped="0">
  <testcase classname="Scripts.TestCase_2" name="tc1" time="22.583"/>
</testsuite> <!-- Scripts.TestCase_2 -->
